[2023/12/03|00:15:42][INFO]:擴充指令初始化完成
[2023/12/03|00:15:42][INFO]:logging in using static token
[2023/12/03|00:16:05][INFO]:擴充指令初始化完成
[2023/12/03|00:16:05][INFO]:logging in using static token
[2023/12/03|00:16:47][INFO]:擴充指令初始化完成
[2023/12/03|00:16:47][INFO]:logging in using static token
[2023/12/03|00:17:22][INFO]:擴充指令初始化完成
[2023/12/03|00:17:22][INFO]:logging in using static token
[2023/12/03|00:17:30][INFO]:擴充指令初始化完成
[2023/12/03|00:17:30][INFO]:logging in using static token
[2023/12/03|00:17:32][INFO]:Shard ID None has connected to Gateway (Session ID: f6d33caf308beb41acfb633bf754d23e).
[2023/12/03|00:17:34][INFO]:已載入0個斜線指令
[]
[2023/12/03|00:17:34][INFO]: >>夕由愛XitoAi已成功連線Discord<< 
[2023/12/03|00:42:37][INFO]:擴充指令初始化完成
[2023/12/03|00:42:37][INFO]:logging in using static token
[2023/12/03|00:42:38][INFO]:Shard ID None has connected to Gateway (Session ID: 252ba83254a6bdd654ca9dabec260277).
[2023/12/03|00:42:40][INFO]:已載入1個斜線指令
['test']
[2023/12/03|00:42:40][INFO]: >>夕由愛XitoAi已成功連線Discord<< 
[2023/12/03|00:56:48][INFO]:擴充指令初始化完成
[2023/12/03|00:56:48][INFO]:logging in using static token
[2023/12/03|00:56:49][INFO]:Shard ID None has connected to Gateway (Session ID: ca41997023cc66cbfda9f764ce3d3cd2).
[2023/12/03|00:56:52][INFO]:已載入1個斜線指令
['個人資料']
[2023/12/03|00:56:52][INFO]: >>夕由愛XitoAi已成功連線Discord<< 
[2023/12/03|01:01:03][INFO]:擴充指令初始化完成
[2023/12/03|01:01:03][INFO]:logging in using static token
[2023/12/03|01:01:05][INFO]:Shard ID None has connected to Gateway (Session ID: f6ec728a7dd91943c5ee4b59e5d61cf1).
[2023/12/03|01:01:07][INFO]:已載入1個斜線指令
['個人資料']
[2023/12/03|01:01:07][INFO]: >>夕由愛XitoAi已成功連線Discord<< 
