[2024/07/03|14:02:22][INFO]:擴充指令初始化完成
[2024/07/03|14:02:22][INFO]:logging in using static token
[2024/07/03|14:02:24][INFO]:同步指令 -> lottery<1242290397108240508>
[2024/07/03|14:02:24][INFO]:同步指令 -> music<1242290397108240514>
[2024/07/03|14:02:24][INFO]:同步指令 -> queue<1243012448680935444>
[2024/07/03|14:02:24][INFO]:同步指令 -> skip<1242290397108240515>
[2024/07/03|14:02:24][INFO]:同步指令 -> pause<1242303741445668884>
[2024/07/03|14:02:24][INFO]:同步指令 -> resume<1242303741445668885>
[2024/07/03|14:02:24][INFO]:同步指令 -> disconnect<1242303741445668886>
[2024/07/03|14:02:24][INFO]:同步指令 -> me<1247750228497399882>
[2024/07/03|14:02:24][INFO]:同步指令 -> other<1248153632377929841>
[2024/07/03|14:02:24][INFO]:同步指令 -> rank<1257939481168842784>
[2024/07/03|14:02:24][INFO]:同步指令 -> start_record<1246024385882624020>
[2024/07/03|14:02:24][INFO]:同步指令 -> stop_record<1245564727015243787>
[2024/07/03|14:02:24][INFO]:同步指令 -> get_verification<1242290397221228602>
[2024/07/03|14:02:24][INFO]:同步指令 -> verify<1242290397221228603>
[2024/07/03|14:02:24][INFO]:已同步14個斜線指令
[2024/07/03|14:02:26][INFO]:Shard ID None has connected to Gateway (Session ID: 1f025b9b092ca777df9fedab66624434).
[2024/07/03|14:02:28][INFO]: >>夕由愛XitoAi已成功連線Discord<< 
[2024/07/03|14:03:46][INFO]:擴充指令初始化完成
[2024/07/03|14:03:46][INFO]:logging in using static token
[2024/07/03|14:03:47][INFO]:同步指令 -> lottery<1242290397108240508>
[2024/07/03|14:03:47][INFO]:同步指令 -> music<1242290397108240514>
[2024/07/03|14:03:47][INFO]:同步指令 -> queue<1243012448680935444>
[2024/07/03|14:03:47][INFO]:同步指令 -> skip<1242290397108240515>
[2024/07/03|14:03:47][INFO]:同步指令 -> pause<1242303741445668884>
[2024/07/03|14:03:47][INFO]:同步指令 -> resume<1242303741445668885>
[2024/07/03|14:03:47][INFO]:同步指令 -> disconnect<1242303741445668886>
[2024/07/03|14:03:47][INFO]:同步指令 -> me<1247750228497399882>
[2024/07/03|14:03:47][INFO]:同步指令 -> other<1248153632377929841>
[2024/07/03|14:03:47][INFO]:同步指令 -> rank<1257939481168842784>
[2024/07/03|14:03:47][INFO]:同步指令 -> start_record<1246024385882624020>
[2024/07/03|14:03:47][INFO]:同步指令 -> stop_record<1245564727015243787>
[2024/07/03|14:03:47][INFO]:同步指令 -> get_verification<1242290397221228602>
[2024/07/03|14:03:47][INFO]:同步指令 -> verify<1242290397221228603>
[2024/07/03|14:03:47][INFO]:已同步14個斜線指令
[2024/07/03|14:03:49][INFO]:Shard ID None has connected to Gateway (Session ID: 0e520f0408b03999c54cf6cba4a310f9).
[2024/07/03|14:03:51][INFO]: >>夕由愛XitoAi已成功連線Discord<< 
