[2024/04/16|15:23:06][INFO]:擴充指令初始化完成
[2024/04/16|15:23:06][INFO]:logging in using static token
[2024/04/16|15:23:08][INFO]:Shard ID None has connected to Gateway (Session ID: 2e090bdc8116e1cd463ef0defbcf20a2).
[2024/04/16|15:23:10][INFO]:已載入13個斜線指令
['樂透<1185834413750243399>', 'lottery<1185834413750243401>', '伺服器<1229693555988107314>', '我<1182669382023913524>', '其他人<1182669382581768272>', '排行<1182669382581768273>', 'me<1182669382581768274>', 'other<1182669382581768275>', 'ranking<1182669382581768276>', '獲取驗證碼<1219915775603769347>', '驗證<1219915775603769348>', 'get_verification<1219919789619941376>', 'verify<1219919789619941377>']
[2024/04/16|15:23:10][INFO]: >>夕由愛XitoAi已成功連線Discord<< 
[2024/04/16|15:23:44][INFO]:lightinvi<428845649279188992>查閱Mincraft伺服器資訊
[2024/04/16|15:24:30][INFO]:擴充指令初始化完成
[2024/04/16|15:24:30][INFO]:logging in using static token
[2024/04/16|15:24:32][INFO]:Shard ID None has connected to Gateway (Session ID: 9018e07ea9a185f214c43c75669aaaf6).
[2024/04/16|15:24:35][INFO]:已載入13個斜線指令
['樂透<1185834413750243399>', 'lottery<1185834413750243401>', '伺服器<1229693555988107314>', '我<1182669382023913524>', '其他人<1182669382581768272>', '排行<1182669382581768273>', 'me<1182669382581768274>', 'other<1182669382581768275>', 'ranking<1182669382581768276>', '獲取驗證碼<1219915775603769347>', '驗證<1219915775603769348>', 'get_verification<1219919789619941376>', 'verify<1219919789619941377>']
[2024/04/16|15:24:35][INFO]: >>夕由愛XitoAi已成功連線Discord<< 
[2024/04/16|15:24:51][INFO]:lightinvi<428845649279188992>查閱Mincraft伺服器資訊
[2024/04/16|15:28:35][INFO]:擴充指令初始化完成
[2024/04/16|15:28:36][INFO]:logging in using static token
[2024/04/16|15:28:38][INFO]:Shard ID None has connected to Gateway (Session ID: 1977c27389c94dcd9cb94520312f7310).
[2024/04/16|15:28:40][INFO]:已載入13個斜線指令
['樂透<1185834413750243399>', 'lottery<1185834413750243401>', '伺服器<1229693555988107314>', '我<1182669382023913524>', '其他人<1182669382581768272>', '排行<1182669382581768273>', 'me<1182669382581768274>', 'other<1182669382581768275>', 'ranking<1182669382581768276>', '獲取驗證碼<1219915775603769347>', '驗證<1219915775603769348>', 'get_verification<1219919789619941376>', 'verify<1219919789619941377>']
[2024/04/16|15:28:40][INFO]: >>夕由愛XitoAi已成功連線Discord<< 
[2024/04/16|15:28:52][INFO]:lightinvi<428845649279188992>查閱Mincraft伺服器資訊
[2024/04/16|15:30:24][INFO]:擴充指令初始化完成
[2024/04/16|15:30:24][INFO]:logging in using static token
[2024/04/16|15:30:25][INFO]:Shard ID None has connected to Gateway (Session ID: 2ab9fe9dd46c6c87b64ac2db255fb542).
[2024/04/16|15:30:28][INFO]:已載入13個斜線指令
['樂透<1185834413750243399>', 'lottery<1185834413750243401>', '伺服器<1229693555988107314>', '我<1182669382023913524>', '其他人<1182669382581768272>', '排行<1182669382581768273>', 'me<1182669382581768274>', 'other<1182669382581768275>', 'ranking<1182669382581768276>', '獲取驗證碼<1219915775603769347>', '驗證<1219915775603769348>', 'get_verification<1219919789619941376>', 'verify<1219919789619941377>']
[2024/04/16|15:30:28][INFO]: >>夕由愛XitoAi已成功連線Discord<< 
[2024/04/16|15:30:51][INFO]:lightinvi<428845649279188992>查閱Mincraft伺服器資訊
[2024/04/16|15:31:27][INFO]:lightinvi<428845649279188992>查閱Mincraft伺服器資訊
[2024/04/16|15:32:18][INFO]:lightinvi<428845649279188992>查閱Mincraft伺服器資訊
[2024/04/16|15:33:53][INFO]:擴充指令初始化完成
[2024/04/16|15:33:53][INFO]:logging in using static token
[2024/04/16|15:33:54][INFO]:Shard ID None has connected to Gateway (Session ID: 28bd6ef7981909ddec393655790b1e0c).
[2024/04/16|15:33:57][INFO]:已載入13個斜線指令
['樂透<1185834413750243399>', 'lottery<1185834413750243401>', '伺服器<1229693555988107314>', '我<1182669382023913524>', '其他人<1182669382581768272>', '排行<1182669382581768273>', 'me<1182669382581768274>', 'other<1182669382581768275>', 'ranking<1182669382581768276>', '獲取驗證碼<1219915775603769347>', '驗證<1219915775603769348>', 'get_verification<1219919789619941376>', 'verify<1219919789619941377>']
[2024/04/16|15:33:57][INFO]: >>夕由愛XitoAi已成功連線Discord<< 
[2024/04/16|15:34:04][INFO]:lightinvi<428845649279188992>查閱Mincraft伺服器資訊
[2024/04/16|15:34:28][INFO]:lightinvi<428845649279188992>查閱Mincraft伺服器資訊
[2024/04/16|15:34:52][INFO]:lightinvi<428845649279188992>查閱Mincraft伺服器資訊
[2024/04/16|15:35:22][INFO]:lightinvi<428845649279188992>查閱Mincraft伺服器資訊
[2024/04/16|15:37:02][INFO]:擴充指令初始化完成
[2024/04/16|15:37:02][INFO]:logging in using static token
[2024/04/16|15:37:04][INFO]:Shard ID None has connected to Gateway (Session ID: fa7ac6079713d61bbea64625072ce58a).
[2024/04/16|15:37:06][INFO]:已載入13個斜線指令
['樂透<1185834413750243399>', 'lottery<1185834413750243401>', '伺服器<1229693555988107314>', '我<1182669382023913524>', '其他人<1182669382581768272>', '排行<1182669382581768273>', 'me<1182669382581768274>', 'other<1182669382581768275>', 'ranking<1182669382581768276>', '獲取驗證碼<1219915775603769347>', '驗證<1219915775603769348>', 'get_verification<1219919789619941376>', 'verify<1219919789619941377>']
[2024/04/16|15:37:06][INFO]: >>夕由愛XitoAi已成功連線Discord<< 
[2024/04/16|15:37:17][INFO]:lightinvi<428845649279188992>查閱Mincraft伺服器資訊
[2024/04/16|15:37:42][INFO]:lightinvi<428845649279188992>查閱Mincraft伺服器資訊
[2024/04/16|15:38:01][INFO]:lightinvi<428845649279188992>查閱Mincraft伺服器資訊
[2024/04/16|15:38:36][INFO]:lightinvi<428845649279188992>查閱Mincraft伺服器資訊
[2024/04/16|15:41:05][INFO]:擴充指令初始化完成
[2024/04/16|15:41:06][INFO]:logging in using static token
[2024/04/16|15:41:08][INFO]:Shard ID None has connected to Gateway (Session ID: d8b5e34dea306318916d02f29e702a0e).
[2024/04/16|15:41:12][INFO]:已載入13個斜線指令
['樂透<1185834413750243399>', 'lottery<1185834413750243401>', '伺服器<1229693555988107314>', '我<1182669382023913524>', '其他人<1182669382581768272>', '排行<1182669382581768273>', 'me<1182669382581768274>', 'other<1182669382581768275>', 'ranking<1182669382581768276>', '獲取驗證碼<1219915775603769347>', '驗證<1219915775603769348>', 'get_verification<1219919789619941376>', 'verify<1219919789619941377>']
[2024/04/16|15:41:12][INFO]: >>夕由愛XitoAi已成功連線Discord<< 
[2024/04/16|15:42:00][INFO]:lightinvi<428845649279188992>查閱Mincraft伺服器資訊
[2024/04/16|15:42:30][INFO]:lightinvi<428845649279188992>查閱Mincraft伺服器資訊
[2024/04/16|15:43:16][INFO]:lightinvi<428845649279188992>查閱Mincraft伺服器資訊
[2024/04/16|15:43:32][INFO]:lightinvi<428845649279188992>查閱Mincraft伺服器資訊
[2024/04/16|15:44:13][INFO]:lightinvi<428845649279188992>查閱Mincraft伺服器資訊
[2024/04/16|15:53:49][INFO]:擴充指令初始化完成
[2024/04/16|15:53:49][INFO]:logging in using static token
[2024/04/16|15:53:51][INFO]:Shard ID None has connected to Gateway (Session ID: f0f2770733bd10c4ff842f5618005537).
[2024/04/16|15:53:54][INFO]:已載入13個斜線指令
['樂透<1185834413750243399>', 'lottery<1185834413750243401>', '伺服器<1229693555988107314>', '我<1182669382023913524>', '其他人<1182669382581768272>', '排行<1182669382581768273>', 'me<1182669382581768274>', 'other<1182669382581768275>', 'ranking<1182669382581768276>', '獲取驗證碼<1219915775603769347>', '驗證<1219915775603769348>', 'get_verification<1219919789619941376>', 'verify<1219919789619941377>']
[2024/04/16|15:53:54][INFO]: >>夕由愛XitoAi已成功連線Discord<< 
[2024/04/16|15:55:21][INFO]:擴充指令初始化完成
[2024/04/16|15:55:21][INFO]:logging in using static token
[2024/04/16|15:55:24][INFO]:Shard ID None has connected to Gateway (Session ID: 755944fdfa45c97ffe298b8d6680de6b).
[2024/04/16|15:55:27][INFO]:已載入13個斜線指令
['樂透<1185834413750243399>', 'lottery<1185834413750243401>', '伺服器<1229693555988107314>', '我<1182669382023913524>', '其他人<1182669382581768272>', '排行<1182669382581768273>', 'me<1182669382581768274>', 'other<1182669382581768275>', 'ranking<1182669382581768276>', '獲取驗證碼<1219915775603769347>', '驗證<1219915775603769348>', 'get_verification<1219919789619941376>', 'verify<1219919789619941377>']
[2024/04/16|15:55:27][INFO]: >>夕由愛XitoAi已成功連線Discord<< 
[2024/04/16|15:55:59][INFO]:擴充指令初始化完成
[2024/04/16|15:55:59][INFO]:logging in using static token
[2024/04/16|15:56:01][INFO]:Shard ID None has connected to Gateway (Session ID: 466a4e65499cfb19c01284a07bdbff39).
[2024/04/16|15:56:03][INFO]:已載入13個斜線指令
['樂透<1185834413750243399>', 'lottery<1185834413750243401>', '伺服器<1229693555988107314>', '我<1182669382023913524>', '其他人<1182669382581768272>', '排行<1182669382581768273>', 'me<1182669382581768274>', 'other<1182669382581768275>', 'ranking<1182669382581768276>', '獲取驗證碼<1219915775603769347>', '驗證<1219915775603769348>', 'get_verification<1219919789619941376>', 'verify<1219919789619941377>']
[2024/04/16|15:56:03][INFO]: >>夕由愛XitoAi已成功連線Discord<< 
[2024/04/16|15:56:14][INFO]:lightinvi<428845649279188992>查閱Mincraft伺服器資訊
[2024/04/16|15:56:29][INFO]:lightinvi<428845649279188992>查閱Mincraft伺服器資訊
[2024/04/16|15:56:42][INFO]:lightinvi<428845649279188992>查閱Mincraft伺服器資訊
[2024/04/16|16:24:31][INFO]:擴充指令初始化完成
[2024/04/16|16:24:31][INFO]:logging in using static token
[2024/04/16|16:24:32][INFO]:Shard ID None has connected to Gateway (Session ID: 64d4bd6fd0cbb5dc96463c4cd91a9fbf).
[2024/04/16|16:24:35][INFO]:已載入16個斜線指令
['樂透<1185834413750243399>', 'lottery<1185834413750243401>', '伺服器<1229693555988107314>', '開啟伺服器<1229709009381232700>', '關閉伺服器<1229709009381232701>', '重啟伺服器<1229709009381232702>', '我<1182669382023913524>', '其他人<1182669382581768272>', '排行<1182669382581768273>', 'me<1182669382581768274>', 'other<1182669382581768275>', 'ranking<1182669382581768276>', '獲取驗證碼<1219915775603769347>', '驗證<1219915775603769348>', 'get_verification<1219919789619941376>', 'verify<1219919789619941377>']
[2024/04/16|16:24:35][INFO]: >>夕由愛XitoAi已成功連線Discord<< 
[2024/04/16|16:25:21][INFO]:lightinvi<428845649279188992>開啟Mincraft伺服器
[2024/04/16|16:25:26][INFO]:光隱測試區<1029978425550704640> -> study<1163727016554659910> 中的訊息被刪除: 指令執行中
[2024/04/16|16:25:42][INFO]:光隱測試區<1029978425550704640> -> study<1163727016554659910> 中的訊息被刪除: 指令執行中
[2024/04/16|16:26:08][INFO]:lightinvi<428845649279188992>關閉Mincraft伺服器
[2024/04/16|16:26:13][INFO]:光隱測試區<1029978425550704640> -> study<1163727016554659910> 中的訊息被刪除: 指令執行中
[2024/04/16|16:26:29][INFO]:光隱測試區<1029978425550704640> -> study<1163727016554659910> 中的訊息被刪除: 指令執行中
[2024/04/16|16:26:34][INFO]:lightinvi<428845649279188992>開啟Mincraft伺服器
[2024/04/16|16:26:38][INFO]:光隱測試區<1029978425550704640> -> study<1163727016554659910> 中的訊息被刪除: 指令執行中
[2024/04/16|16:26:48][INFO]:lightinvi<428845649279188992>關閉Mincraft伺服器
[2024/04/16|16:26:52][INFO]:光隱測試區<1029978425550704640> -> study<1163727016554659910> 中的訊息被刪除: 指令執行中
[2024/04/16|16:27:41][INFO]:擴充指令初始化完成
[2024/04/16|16:27:41][INFO]:logging in using static token
[2024/04/16|16:27:42][INFO]:Shard ID None has connected to Gateway (Session ID: 2808b74265a754cf4a2748083692e460).
[2024/04/16|16:27:45][INFO]:已載入16個斜線指令
['樂透<1185834413750243399>', 'lottery<1185834413750243401>', '伺服器<1229693555988107314>', '開啟伺服器<1229709009381232700>', '關閉伺服器<1229709009381232701>', '重啟伺服器<1229709009381232702>', '我<1182669382023913524>', '其他人<1182669382581768272>', '排行<1182669382581768273>', 'me<1182669382581768274>', 'other<1182669382581768275>', 'ranking<1182669382581768276>', '獲取驗證碼<1219915775603769347>', '驗證<1219915775603769348>', 'get_verification<1219919789619941376>', 'verify<1219919789619941377>']
[2024/04/16|16:27:45][INFO]: >>夕由愛XitoAi已成功連線Discord<< 
[2024/04/16|16:28:02][INFO]:lightinvi<428845649279188992>關閉Mincraft伺服器
[2024/04/16|16:28:02][INFO]:光隱測試區<1029978425550704640> -> study<1163727016554659910> 中的訊息被刪除: 指令執行中
